Process:         wolf3d [65740]
Path:            /Users/pbillett/work/wolf3d/./wolf3d
Load Address:    0x105209000
Identifier:      wolf3d
Version:         ???
Code Type:       X86-64
Parent Process:  zsh [30978]

Date/Time:       2017-10-26 16:27:43.979 +0200
Launch Time:     2017-10-26 16:27:25.313 +0200
OS Version:      Mac OS X 10.12.6 (16G29)
Report Version:  7
Analysis Tool:   /Applications/Xcode.app/Contents/Developer/usr/bin/leaks
Analysis Tool Version:  Xcode 8.3.3 (8E3004b)
----

leaks Report Version:  2.0
Process 65740: 18701 nodes malloced for 20066 KB
Process 65740: 658 leaks for 11792 total leaked bytes.
Leak: 0x7fb6ab4005f0  size=16  zone: DefaultMallocZone_0x10523f000  length: 1  "7"
Leak: 0x7fb6ab400780  size=16  zone: DefaultMallocZone_0x10523f000  length: 1  "0"
Leak: 0x7fb6ab400d70  size=16  zone: DefaultMallocZone_0x10523f000  length: 1  "0"
Leak: 0x7fb6ab400f80  size=16  zone: DefaultMallocZone_0x10523f000  length: 1  "7"
Leak: 0x7fb6ab401600  size=16  zone: DefaultMallocZone_0x10523f000  length: 1  "0"
Leak: 0x7fb6ab401d00  size=16  zone: DefaultMallocZone_0x10523f000  length: 1  "1"
Leak: 0x7fb6ab402740  size=16  zone: DefaultMallocZone_0x10523f000  length: 3  "100"
Leak: 0x7fb6ab4031d0  size=16  zone: DefaultMallocZone_0x10523f000  length: 1  "1"
Leak: 0x7fb6ab403f00  size=16  zone: DefaultMallocZone_0x10523f000  length: 1  "0"
Leak: 0x7fb6ab405f80  size=16  zone: DefaultMallocZone_0x10523f000  length: 1  "0"
Leak: 0x7fb6ab4062f0  size=16  zone: DefaultMallocZone_0x10523f000  length: 3  "100"
Leak: 0x7fb6ab407a00  size=16  zone: DefaultMallocZone_0x10523f000  length: 1  "0"
Leak: 0x7fb6ab407a10  size=16  zone: DefaultMallocZone_0x10523f000  length: 2  "10"
Leak: 0x7fb6ab407a20  size=16  zone: DefaultMallocZone_0x10523f000  length: 2  "32"
Leak: 0x7fb6ab407a30  size=16  zone: DefaultMallocZone_0x10523f000  length: 1  "1"
Leak: 0x7fb6ab407f10  size=16  zone: DefaultMallocZone_0x10523f000  length: 1  "0"
Leak: 0x7fb6ab408220  size=16  zone: DefaultMallocZone_0x10523f000  length: 3  "600"
Leak: 0x7fb6ab4085c0  size=16  zone: DefaultMallocZone_0x10523f000  length: 1  "0"
Leak: 0x7fb6ab4090b0  size=16  zone: DefaultMallocZone_0x10523f000  length: 1  "1"
Leak: 0x7fb6ab4094a0  size=16  zone: DefaultMallocZone_0x10523f000  length: 2  "32"
Leak: 0x7fb6ab40b060  size=16  zone: DefaultMallocZone_0x10523f000  length: 1  "1"
Leak: 0x7fb6ab40b8e0  size=16  zone: DefaultMallocZone_0x10523f000  length: 1  "1"
Leak: 0x7fb6ab40bba0  size=16  zone: DefaultMallocZone_0x10523f000  length: 1  "0"
Leak: 0x7fb6ab414560  size=16  zone: DefaultMallocZone_0x10523f000  length: 1  "0"
Leak: 0x7fb6ab414950  size=16  zone: DefaultMallocZone_0x10523f000  length: 1  "0"
Leak: 0x7fb6ab4151e0  size=16  zone: DefaultMallocZone_0x10523f000  length: 1  "0"
Leak: 0x7fb6ab415250  size=16  zone: DefaultMallocZone_0x10523f000  length: 2  "32"
Leak: 0x7fb6ab4159a0  size=16  zone: DefaultMallocZone_0x10523f000  length: 1  "1"
Leak: 0x7fb6ab415cb0  size=16  zone: DefaultMallocZone_0x10523f000  length: 3  "100"
Leak: 0x7fb6ab416c80  size=16  zone: DefaultMallocZone_0x10523f000  length: 1  "1"
Leak: 0x7fb6ab419910  size=16  zone: DefaultMallocZone_0x10523f000  length: 1  "1"
Leak: 0x7fb6ab41ade0  size=16  zone: DefaultMallocZone_0x10523f000  length: 2  "10"
Leak: 0x7fb6ab41b580  size=16  zone: DefaultMallocZone_0x10523f000  length: 1  "0"
Leak: 0x7fb6ab41b820  size=16  zone: DefaultMallocZone_0x10523f000  length: 1  "7"
Leak: 0x7fb6ab41b920  size=16  zone: DefaultMallocZone_0x10523f000  length: 1  "0"
Leak: 0x7fb6ab41d250  size=16  zone: DefaultMallocZone_0x10523f000  length: 1  "0"
Leak: 0x7fb6ab41d260  size=16  zone: DefaultMallocZone_0x10523f000  length: 1  "0"
Leak: 0x7fb6ab41d270  size=16  zone: DefaultMallocZone_0x10523f000  length: 1  "0"
Leak: 0x7fb6ab41d280  size=16  zone: DefaultMallocZone_0x10523f000  length: 3  "600"
Leak: 0x7fb6ab41d290  size=16  zone: DefaultMallocZone_0x10523f000  length: 1  "0"
Leak: 0x7fb6ab41d360  size=16  zone: DefaultMallocZone_0x10523f000  length: 1  "1"
Leak: 0x7fb6ab41da00  size=16  zone: DefaultMallocZone_0x10523f000  length: 2  "10"
Leak: 0x7fb6ab41da10  size=16  zone: DefaultMallocZone_0x10523f000  length: 1  "0"
Leak: 0x7fb6ab41f140  size=16  zone: DefaultMallocZone_0x10523f000  length: 1  "1"
Leak: 0x7fb6ab41f690  size=16  zone: DefaultMallocZone_0x10523f000  length: 1  "0"
Leak: 0x7fb6ab420e50  size=16  zone: DefaultMallocZone_0x10523f000  length: 3  "100"
Leak: 0x7fb6ab420e60  size=16  zone: DefaultMallocZone_0x10523f000  length: 1  "7"
Leak: 0x7fb6ab4216f0  size=16  zone: DefaultMallocZone_0x10523f000  length: 2  "10"
Leak: 0x7fb6ab4220f0  size=16  zone: DefaultMallocZone_0x10523f000  length: 1  "1"
Leak: 0x7fb6ab4224f0  size=16  zone: DefaultMallocZone_0x10523f000  length: 1  "0"
Leak: 0x7fb6ab422dd0  size=16  zone: DefaultMallocZone_0x10523f000  length: 1  "1"
Leak: 0x7fb6ab423380  size=16  zone: DefaultMallocZone_0x10523f000  length: 1  "0"
Leak: 0x7fb6ab425450  size=16  zone: DefaultMallocZone_0x10523f000  length: 1  "1"
Leak: 0x7fb6ab425d00  size=16  zone: DefaultMallocZone_0x10523f000  length: 1  "1"
Leak: 0x7fb6ab425ea0  size=16  zone: DefaultMallocZone_0x10523f000  length: 2  "32"
Leak: 0x7fb6ab4260f0  size=16  zone: DefaultMallocZone_0x10523f000  length: 1  "7"
Leak: 0x7fb6ab426860  size=16  zone: DefaultMallocZone_0x10523f000  length: 1  "0"
Leak: 0x7fb6ab4275f0  size=16  zone: DefaultMallocZone_0x10523f000  length: 1  "1"
Leak: 0x7fb6ab427820  size=16  zone: DefaultMallocZone_0x10523f000  length: 1  "0"
Leak: 0x7fb6ab4283a0  size=16  zone: DefaultMallocZone_0x10523f000  length: 1  "0"
Leak: 0x7fb6ab428e50  size=16  zone: DefaultMallocZone_0x10523f000  length: 1  "0"
Leak: 0x7fb6ab42a7a0  size=16  zone: DefaultMallocZone_0x10523f000  length: 1  "0"
Leak: 0x7fb6ab42ab00  size=16  zone: DefaultMallocZone_0x10523f000  length: 2  "10"
Leak: 0x7fb6ab42b560  size=16  zone: DefaultMallocZone_0x10523f000  length: 1  "1"
Leak: 0x7fb6ab42c730  size=16  zone: DefaultMallocZone_0x10523f000  length: 1  "1"
Leak: 0x7fb6ab42d220  size=16  zone: DefaultMallocZone_0x10523f000  length: 2  "10"
Leak: 0x7fb6ab42d5c0  size=16  zone: DefaultMallocZone_0x10523f000  length: 1  "0"
Leak: 0x7fb6ab42d5d0  size=16  zone: DefaultMallocZone_0x10523f000  length: 1  "0"
Leak: 0x7fb6ab42d720  size=16  zone: DefaultMallocZone_0x10523f000  length: 1  "1"
Leak: 0x7fb6ab42d730  size=16  zone: DefaultMallocZone_0x10523f000  length: 1  "0"
Leak: 0x7fb6ab42d740  size=16  zone: DefaultMallocZone_0x10523f000  length: 1  "0"
Leak: 0x7fb6ab42d750  size=16  zone: DefaultMallocZone_0x10523f000  length: 1  "0"
Leak: 0x7fb6ab42d760  size=16  zone: DefaultMallocZone_0x10523f000  length: 1  "1"
Leak: 0x7fb6ab42e230  size=16  zone: DefaultMallocZone_0x10523f000  length: 1  "0"
Leak: 0x7fb6ab42e240  size=16  zone: DefaultMallocZone_0x10523f000  length: 2  "10"
Leak: 0x7fb6ab42e250  size=16  zone: DefaultMallocZone_0x10523f000  length: 2  "32"
Leak: 0x7fb6ab42e260  size=16  zone: DefaultMallocZone_0x10523f000  length: 1  "1"
Leak: 0x7fb6ab42f240  size=16  zone: DefaultMallocZone_0x10523f000  length: 2  "10"
Leak: 0x7fb6ab42fbd0  size=16  zone: DefaultMallocZone_0x10523f000  length: 1  "0"
Leak: 0x7fb6ab42fc90  size=16  zone: DefaultMallocZone_0x10523f000  length: 1  "0"
Leak: 0x7fb6ab42fd60  size=16  zone: DefaultMallocZone_0x10523f000  length: 1  "0"
Leak: 0x7fb6ab42fd70  size=16  zone: DefaultMallocZone_0x10523f000  length: 3  "600"
Leak: 0x7fb6ab42fe60  size=16  zone: DefaultMallocZone_0x10523f000  length: 1  "1"
Leak: 0x7fb6ab42fe70  size=16  zone: DefaultMallocZone_0x10523f000  length: 1  "0"
Leak: 0x7fb6ab4300a0  size=16  zone: DefaultMallocZone_0x10523f000  length: 2  "10"
Leak: 0x7fb6ab4300b0  size=16  zone: DefaultMallocZone_0x10523f000  length: 2  "32"
Leak: 0x7fb6ab4300c0  size=16  zone: DefaultMallocZone_0x10523f000  length: 1  "1"
Leak: 0x7fb6ab4300f0  size=16  zone: DefaultMallocZone_0x10523f000  length: 1  "1"
Leak: 0x7fb6ab4306d0  size=16  zone: DefaultMallocZone_0x10523f000  length: 1  "1"
Leak: 0x7fb6ab4309f0  size=16  zone: DefaultMallocZone_0x10523f000  length: 1  "1"
Leak: 0x7fb6ab430a00  size=16  zone: DefaultMallocZone_0x10523f000  length: 1  "1"
Leak: 0x7fb6ab430a10  size=16  zone: DefaultMallocZone_0x10523f000  length: 1  "0"
Leak: 0x7fb6ab430aa0  size=16  zone: DefaultMallocZone_0x10523f000  length: 1  "1"
Leak: 0x7fb6ab430c40  size=16  zone: DefaultMallocZone_0x10523f000  length: 1  "0"
Leak: 0x7fb6ab430ec0  size=16  zone: DefaultMallocZone_0x10523f000  length: 1  "0"
Leak: 0x7fb6ab431140  size=16  zone: DefaultMallocZone_0x10523f000  length: 3  "600"
Leak: 0x7fb6ab431520  size=16  zone: DefaultMallocZone_0x10523f000  length: 1  "0"
Leak: 0x7fb6ab431530  size=16  zone: DefaultMallocZone_0x10523f000  length: 3  "100"
Leak: 0x7fb6ab431540  size=16  zone: DefaultMallocZone_0x10523f000  length: 1  "7"
Leak: 0x7fb6ab431e20  size=16  zone: DefaultMallocZone_0x10523f000  length: 3  "100"
Leak: 0x7fb6ab433550  size=16  zone: DefaultMallocZone_0x10523f000  length: 2  "32"
Leak: 0x7fb6ab433fa0  size=16  zone: DefaultMallocZone_0x10523f000  length: 1  "1"
Leak: 0x7fb6ab433fb0  size=16  zone: DefaultMallocZone_0x10523f000  length: 1  "0"
Leak: 0x7fb6ab434910  size=16  zone: DefaultMallocZone_0x10523f000  length: 1  "0"
Leak: 0x7fb6ab4382f0  size=16  zone: DefaultMallocZone_0x10523f000  length: 1  "1"
Leak: 0x7fb6ab4389c0  size=16  zone: DefaultMallocZone_0x10523f000  length: 1  "0"
Leak: 0x7fb6ab439d50  size=16  zone: DefaultMallocZone_0x10523f000  length: 1  "1"
Leak: 0x7fb6ab43a8b0  size=16  zone: DefaultMallocZone_0x10523f000  length: 3  "100"
Leak: 0x7fb6ab43af30  size=16  zone: DefaultMallocZone_0x10523f000  length: 1  "1"
Leak: 0x7fb6ab43af40  size=16  zone: DefaultMallocZone_0x10523f000  length: 1  "0"
Leak: 0x7fb6ab43b010  size=16  zone: DefaultMallocZone_0x10523f000  length: 3  "100"
Leak: 0x7fb6ab43b020  size=16  zone: DefaultMallocZone_0x10523f000  length: 1  "7"
Leak: 0x7fb6ab43b030  size=16  zone: DefaultMallocZone_0x10523f000  length: 1  "0"
Leak: 0x7fb6ab43b0e0  size=16  zone: DefaultMallocZone_0x10523f000  length: 1  "0"
Leak: 0x7fb6ab43b920  size=16  zone: DefaultMallocZone_0x10523f000  length: 1  "1"
Leak: 0x7fb6ab43b930  size=16  zone: DefaultMallocZone_0x10523f000  length: 1  "1"
Leak: 0x7fb6ab440190  size=16  zone: DefaultMallocZone_0x10523f000  length: 1  "0"
Leak: 0x7fb6ab4401a0  size=16  zone: DefaultMallocZone_0x10523f000  length: 1  "5"
Leak: 0x7fb6ab4401b0  size=16  zone: DefaultMallocZone_0x10523f000  length: 1  "0"
Leak: 0x7fb6ab440b20  size=16  zone: DefaultMallocZone_0x10523f000  length: 1  "1"
Leak: 0x7fb6ab440b30  size=16  zone: DefaultMallocZone_0x10523f000  length: 1  "1"
Leak: 0x7fb6ab440ee0  size=16  zone: DefaultMallocZone_0x10523f000  length: 1  "0"
Leak: 0x7fb6ab440fe0  size=16  zone: DefaultMallocZone_0x10523f000  length: 1  "1"
Leak: 0x7fb6ab440ff0  size=16  zone: DefaultMallocZone_0x10523f000  length: 1  "1"
Leak: 0x7fb6ab4432f0  size=16  zone: DefaultMallocZone_0x10523f000  length: 3  "600"
Leak: 0x7fb6ab443300  size=16  zone: DefaultMallocZone_0x10523f000  length: 1  "1"
Leak: 0x7fb6ab443310  size=16  zone: DefaultMallocZone_0x10523f000  length: 1  "1"
Leak: 0x7fb6ab444290  size=16  zone: DefaultMallocZone_0x10523f000  length: 1  "1"
Leak: 0x7fb6ab4442a0  size=16  zone: DefaultMallocZone_0x10523f000  length: 3  "100"
Leak: 0x7fb6ab4442b0  size=16  zone: DefaultMallocZone_0x10523f000  length: 1  "7"
Leak: 0x7fb6ab449d40  size=16  zone: DefaultMallocZone_0x10523f000  length: 1  "1"
Leak: 0x7fb6ab449d50  size=16  zone: DefaultMallocZone_0x10523f000  length: 1  "1"
Leak: 0x7fb6ab449d60  size=16  zone: DefaultMallocZone_0x10523f000  length: 1  "1"
Leak: 0x7fb6ab44aa50  size=16  zone: DefaultMallocZone_0x10523f000  length: 1  "0"
Leak: 0x7fb6ab44aa60  size=16  zone: DefaultMallocZone_0x10523f000  length: 2  "10"
Leak: 0x7fb6ab44cfb0  size=16  zone: DefaultMallocZone_0x10523f000  length: 2  "32"
Leak: 0x7fb6ab44cfc0  size=16  zone: DefaultMallocZone_0x10523f000  length: 1  "1"
Leak: 0x7fb6ab44d530  size=16  zone: DefaultMallocZone_0x10523f000  length: 1  "0"
Leak: 0x7fb6ab44d540  size=16  zone: DefaultMallocZone_0x10523f000  length: 1  "0"
Leak: 0x7fb6ab44d7e0  size=16  zone: DefaultMallocZone_0x10523f000  length: 1  "0"
Leak: 0x7fb6ab44d7f0  size=16  zone: DefaultMallocZone_0x10523f000  length: 1  "1"
Leak: 0x7fb6ab451e90  size=16  zone: DefaultMallocZone_0x10523f000  length: 1  "7"
Leak: 0x7fb6ab502f70  size=16  zone: DefaultMallocZone_0x10523f000  length: 3  "100"
Leak: 0x7fb6ab502f80  size=16  zone: DefaultMallocZone_0x10523f000  length: 1  "7"
Leak: 0x7fb6ab5038b0  size=16  zone: DefaultMallocZone_0x10523f000  length: 1  "0"
Leak: 0x7fb6ab5038c0  size=16  zone: DefaultMallocZone_0x10523f000  length: 1  "0"
Leak: 0x7fb6ab5038d0  size=16  zone: DefaultMallocZone_0x10523f000  length: 3  "600"
Leak: 0x7fb6ab5038e0  size=16  zone: DefaultMallocZone_0x10523f000  length: 1  "0"
Leak: 0x7fb6ab503920  size=16  zone: DefaultMallocZone_0x10523f000  length: 1  "1"
Leak: 0x7fb6ab50a400  size=16  zone: DefaultMallocZone_0x10523f000  length: 2  "10"
Leak: 0x7fb6ab50a410  size=16  zone: DefaultMallocZone_0x10523f000  length: 1  "1"
Leak: 0x7fb6ab50a420  size=16  zone: DefaultMallocZone_0x10523f000  length: 2  "10"
Leak: 0x7fb6ab50a430  size=16  zone: DefaultMallocZone_0x10523f000  length: 1  "0"
Leak: 0x7fb6ab50b520  size=16  zone: DefaultMallocZone_0x10523f000  length: 1  "1"
Leak: 0x7fb6ab50b530  size=16  zone: DefaultMallocZone_0x10523f000  length: 3  "600"
Leak: 0x7fb6ab50cfb0  size=16  zone: DefaultMallocZone_0x10523f000  length: 1  "1"
Leak: 0x7fb6ab50d930  size=16  zone: DefaultMallocZone_0x10523f000  length: 1  "0"
Leak: 0x7fb6ab50d990  size=16  zone: DefaultMallocZone_0x10523f000  length: 1  "0"
Leak: 0x7fb6ab50f600  size=16  zone: DefaultMallocZone_0x10523f000  length: 1  "0"
Leak: 0x7fb6ab50f610  size=16  zone: DefaultMallocZone_0x10523f000  length: 1  "0"
Leak: 0x7fb6ab50f730  size=16  zone: DefaultMallocZone_0x10523f000  length: 1  "0"
Leak: 0x7fb6ab50f740  size=16  zone: DefaultMallocZone_0x10523f000  length: 1  "2"
Leak: 0x7fb6ab50f750  size=16  zone: DefaultMallocZone_0x10523f000  length: 3  "100"
Leak: 0x7fb6ab510020  size=16  zone: DefaultMallocZone_0x10523f000  length: 1  "0"
Leak: 0x7fb6ab5112a0  size=16  zone: DefaultMallocZone_0x10523f000  length: 2  "10"
Leak: 0x7fb6ab511990  size=16  zone: DefaultMallocZone_0x10523f000  length: 1  "1"
Leak: 0x7fb6ab5119a0  size=16  zone: DefaultMallocZone_0x10523f000  length: 1  "1"
Leak: 0x7fb6ab5119b0  size=16  zone: DefaultMallocZone_0x10523f000  length: 3  "100"
Leak: 0x7fb6ab5119c0  size=16  zone: DefaultMallocZone_0x10523f000  length: 1  "7"
Leak: 0x7fb6ab5119d0  size=16  zone: DefaultMallocZone_0x10523f000  length: 1  "0"
Leak: 0x7fb6ab512ac0  size=16  zone: DefaultMallocZone_0x10523f000  length: 2  "10"
Leak: 0x7fb6ab513550  size=16  zone: DefaultMallocZone_0x10523f000  length: 1  "0"
Leak: 0x7fb6ab513560  size=16  zone: DefaultMallocZone_0x10523f000  length: 3  "340"
Leak: 0x7fb6ab514f30  size=16  zone: DefaultMallocZone_0x10523f000  length: 1  "0"
Leak: 0x7fb6ab514f40  size=16  zone: DefaultMallocZone_0x10523f000  length: 1  "0"
Leak: 0x7fb6ab514fa0  size=16  zone: DefaultMallocZone_0x10523f000  length: 1  "1"
Leak: 0x7fb6ab515440  size=16  zone: DefaultMallocZone_0x10523f000  length: 1  "0"
Leak: 0x7fb6ab5155c0  size=16  zone: DefaultMallocZone_0x10523f000  length: 1  "1"
Leak: 0x7fb6ab516140  size=16  zone: DefaultMallocZone_0x10523f000  length: 1  "1"
Leak: 0x7fb6ab5164f0  size=16  zone: DefaultMallocZone_0x10523f000  length: 2  "32"
Leak: 0x7fb6ab51afc0  size=16  zone: DefaultMallocZone_0x10523f000  length: 1  "1"
Leak: 0x7fb6ab51c060  size=16  zone: DefaultMallocZone_0x10523f000  length: 1  "0"
Leak: 0x7fb6ab51d260  size=16  zone: DefaultMallocZone_0x10523f000  length: 1  "1"
Leak: 0x7fb6ab51e770  size=16  zone: DefaultMallocZone_0x10523f000  length: 3  "100"
Leak: 0x7fb6ab522730  size=16  zone: DefaultMallocZone_0x10523f000  length: 3  "600"
Leak: 0x7fb6ab525260  size=16  zone: DefaultMallocZone_0x10523f000  length: 1  "1"
Leak: 0x7fb6ab525270  size=16  zone: DefaultMallocZone_0x10523f000  length: 1  "0"
Leak: 0x7fb6ab525380  size=16  zone: DefaultMallocZone_0x10523f000  length: 1  "1"
Leak: 0x7fb6ab525390  size=16  zone: DefaultMallocZone_0x10523f000  length: 1  "1"
Leak: 0x7fb6ab525560  size=16  zone: DefaultMallocZone_0x10523f000  length: 3  "600"
Leak: 0x7fb6ab525880  size=16  zone: DefaultMallocZone_0x10523f000  length: 2  "10"
Leak: 0x7fb6ab526780  size=16  zone: DefaultMallocZone_0x10523f000  length: 2  "32"
Leak: 0x7fb6ab5267c0  size=16  zone: DefaultMallocZone_0x10523f000  length: 3  "100"
Leak: 0x7fb6ab5267d0  size=16  zone: DefaultMallocZone_0x10523f000  length: 1  "7"
Leak: 0x7fb6ab526c00  size=16  zone: DefaultMallocZone_0x10523f000  length: 2  "32"
Leak: 0x7fb6ab526c10  size=16  zone: DefaultMallocZone_0x10523f000  length: 1  "1"
Leak: 0x7fb6ab5277a0  size=16  zone: DefaultMallocZone_0x10523f000  length: 1  "1"
Leak: 0x7fb6ab528940  size=16  zone: DefaultMallocZone_0x10523f000  length: 1  "0"
Leak: 0x7fb6ab528950  size=16  zone: DefaultMallocZone_0x10523f000  length: 3  "600"
Leak: 0x7fb6ab52b1b0  size=16  zone: DefaultMallocZone_0x10523f000  length: 1  "1"
Leak: 0x7fb6ab52b1c0  size=16  zone: DefaultMallocZone_0x10523f000  length: 1  "1"
Leak: 0x7fb6ab52b1d0  size=16  zone: DefaultMallocZone_0x10523f000  length: 1  "1"
Leak: 0x7fb6ab52d0a0  size=16  zone: DefaultMallocZone_0x10523f000  length: 1  "1"
Leak: 0x7fb6ab52d3e0  size=16  zone: DefaultMallocZone_0x10523f000  length: 1  "0"
Leak: 0x7fb6ab52d3f0  size=16  zone: DefaultMallocZone_0x10523f000  length: 1  "0"
Leak: 0x7fb6ab52d400  size=16  zone: DefaultMallocZone_0x10523f000  length: 1  "1"
Leak: 0x7fb6ab52d630  size=16  zone: DefaultMallocZone_0x10523f000  length: 1  "1"
Leak: 0x7fb6ab52d7e0  size=16  zone: DefaultMallocZone_0x10523f000  length: 1  "0"
Leak: 0x7fb6ab52e6a0  size=16  zone: DefaultMallocZone_0x10523f000  length: 3  "600"
Leak: 0x7fb6ab52f480  size=16  zone: DefaultMallocZone_0x10523f000  length: 1  "1"
Leak: 0x7fb6ab52f780  size=16  zone: DefaultMallocZone_0x10523f000  length: 2  "32"
Leak: 0x7fb6ab52f790  size=16  zone: DefaultMallocZone_0x10523f000  length: 1  "1"
Leak: 0x7fb6ab52f7a0  size=16  zone: DefaultMallocZone_0x10523f000  length: 1  "0"
Leak: 0x7fb6ab52f7b0  size=16  zone: DefaultMallocZone_0x10523f000  length: 3  "600"
Leak: 0x7fb6ab5300d0  size=16  zone: DefaultMallocZone_0x10523f000  length: 1  "1"
Leak: 0x7fb6ab530300  size=16  zone: DefaultMallocZone_0x10523f000  length: 1  "7"
Leak: 0x7fb6ab530310  size=16  zone: DefaultMallocZone_0x10523f000  length: 1  "0"
Leak: 0x7fb6ab5328c0  size=16  zone: DefaultMallocZone_0x10523f000  length: 2  "20"
Leak: 0x7fb6ab5328d0  size=16  zone: DefaultMallocZone_0x10523f000  length: 1  "0"
Leak: 0x7fb6ab5328e0  size=16  zone: DefaultMallocZone_0x10523f000  length: 3  "600"
Leak: 0x7fb6ab5328f0  size=16  zone: DefaultMallocZone_0x10523f000  length: 1  "1"
Leak: 0x7fb6ab532900  size=16  zone: DefaultMallocZone_0x10523f000  length: 1  "1"
Leak: 0x7fb6ab532e50  size=16  zone: DefaultMallocZone_0x10523f000  length: 2  "32"
Leak: 0x7fb6ab532e60  size=16  zone: DefaultMallocZone_0x10523f000  length: 1  "1"
Leak: 0x7fb6ab533f10  size=16  zone: DefaultMallocZone_0x10523f000  length: 3  "100"
Leak: 0x7fb6ab5343a0  size=16  zone: DefaultMallocZone_0x10523f000  length: 1  "7"
Leak: 0x7fb6ab5346c0  size=16  zone: DefaultMallocZone_0x10523f000  length: 1  "1"
Leak: 0x7fb6ab548fd0  size=16  zone: DefaultMallocZone_0x10523f000  length: 1  "0"
Leak: 0x7fb6ab548fe0  size=16  zone: DefaultMallocZone_0x10523f000  length: 1  "0"
Leak: 0x7fb6ab54a520  size=16  zone: DefaultMallocZone_0x10523f000  length: 1  "1"
Leak: 0x7fb6ab54ac80  size=16  zone: DefaultMallocZone_0x10523f000  length: 1  "0"
Leak: 0x7fb6ab54bd00  size=16  zone: DefaultMallocZone_0x10523f000  length: 3  "600"
Leak: 0x7fb6ab54bd10  size=16  zone: DefaultMallocZone_0x10523f000  length: 2  "32"
Leak: 0x7fb6ab54bdb0  size=16  zone: DefaultMallocZone_0x10523f000  length: 1  "1"
Leak: 0x7fb6ab54bdc0  size=16  zone: DefaultMallocZone_0x10523f000  length: 1  "1"
Leak: 0x7fb6ab54bdd0  size=16  zone: DefaultMallocZone_0x10523f000  length: 1  "2"
Leak: 0x7fb6ab54bde0  size=16  zone: DefaultMallocZone_0x10523f000  length: 3  "100"
Leak: 0x7fb6ab54bdf0  size=16  zone: DefaultMallocZone_0x10523f000  length: 1  "7"
Leak: 0x7fb6ab54c6d0  size=16  zone: DefaultMallocZone_0x10523f000  length: 1  "0"
Leak: 0x7fb6ab54c6e0  size=16  zone: DefaultMallocZone_0x10523f000  length: 3  "355"
Leak: 0x7fb6ab54d6a0  size=16  zone: DefaultMallocZone_0x10523f000  length: 1  "1"
Leak: 0x7fb6ab54eee0  size=16  zone: DefaultMallocZone_0x10523f000  length: 1  "0"
Leak: 0x7fb6ab54eef0  size=16  zone: DefaultMallocZone_0x10523f000  length: 3  "345"
Leak: 0x7fb6ab54f730  size=16  zone: DefaultMallocZone_0x10523f000  length: 2  "-1"
Leak: 0x7fb6ab601330  size=16  zone: DefaultMallocZone_0x10523f000  length: 1  "7"
Leak: 0x7fb6ab606020  size=16  zone: DefaultMallocZone_0x10523f000  length: 2  "10"
Leak: 0x7fb6ab607e80  size=16  zone: DefaultMallocZone_0x10523f000  length: 1  "0"
Leak: 0x7fb6ab6095f0  size=16  zone: DefaultMallocZone_0x10523f000  length: 3  "345"
Leak: 0x7fb6ab60bdb0  size=16  zone: DefaultMallocZone_0x10523f000  length: 1  "0"
Leak: 0x7fb6ab60c8a0  size=16  zone: DefaultMallocZone_0x10523f000  length: 1  "0"
Leak: 0x7fb6ab60c8b0  size=16  zone: DefaultMallocZone_0x10523f000  length: 1  "1"
Leak: 0x7fb6ab60c8c0  size=16  zone: DefaultMallocZone_0x10523f000  length: 1  "1"
Leak: 0x7fb6ab60c8d0  size=16  zone: DefaultMallocZone_0x10523f000  length: 1  "1"
Leak: 0x7fb6ab60c8e0  size=16  zone: DefaultMallocZone_0x10523f000  length: 3  "100"
Leak: 0x7fb6ab60c8f0  size=16  zone: DefaultMallocZone_0x10523f000  length: 1  "7"
Leak: 0x7fb6ab60c900  size=16  zone: DefaultMallocZone_0x10523f000  length: 1  "0"
Leak: 0x7fb6ab60c930  size=16  zone: DefaultMallocZone_0x10523f000  length: 1  "1"
Leak: 0x7fb6ab60ca90  size=16  zone: DefaultMallocZone_0x10523f000  length: 1  "1"
Leak: 0x7fb6ab60caa0  size=16  zone: DefaultMallocZone_0x10523f000  length: 1  "0"
Leak: 0x7fb6ab60cab0  size=16  zone: DefaultMallocZone_0x10523f000  length: 3  "350"
Leak: 0x7fb6ab60cac0  size=16  zone: DefaultMallocZone_0x10523f000  length: 1  "0"
Leak: 0x7fb6ab60cad0  size=16  zone: DefaultMallocZone_0x10523f000  length: 1  "0"
Leak: 0x7fb6ab60e100  size=16  zone: DefaultMallocZone_0x10523f000  length: 1  "0"
Leak: 0x7fb6ab60e110  size=16  zone: DefaultMallocZone_0x10523f000  length: 1  "1"
Leak: 0x7fb6ab60e810  size=16  zone: DefaultMallocZone_0x10523f000  length: 1  "0"
Leak: 0x7fb6ab60e820  size=16  zone: DefaultMallocZone_0x10523f000  length: 3  "600"
Leak: 0x7fb6ab60e830  size=16  zone: DefaultMallocZone_0x10523f000  length: 1  "1"
Leak: 0x7fb6ab60f4a0  size=16  zone: DefaultMallocZone_0x10523f000  length: 9  "/* XPM */"
Leak: 0x7fb6ab611780  size=16  zone: DefaultMallocZone_0x10523f000  length: 2  "32"
Leak: 0x7fb6ab6120c0  size=16  zone: DefaultMallocZone_0x10523f000  length: 1  "1"
Leak: 0x7fb6ab612140  size=16  zone: DefaultMallocZone_0x10523f000  length: 2  "10"
Leak: 0x7fb6ab613e40  size=16  zone: DefaultMallocZone_0x10523f000  length: 9  "/* XPM */"
Leak: 0x7fb6ab6147c0  size=16  zone: DefaultMallocZone_0x10523f000  length: 1  "0"
Leak: 0x7fb6ab6147d0  size=16  zone: DefaultMallocZone_0x10523f000  length: 1  "1"
Leak: 0x7fb6ab618740  size=16  zone: DefaultMallocZone_0x10523f000  length: 1  "1"
Leak: 0x7fb6ab61d730  size=16  zone: DefaultMallocZone_0x10523f000  length: 1  "1"
Leak: 0x7fb6ab6209c0  size=16  zone: DefaultMallocZone_0x10523f000  length: 9  "/* XPM */"
Leak: 0x7fb6ab620fb0  size=16  zone: DefaultMallocZone_0x10523f000  length: 9  "/* XPM */"
Leak: 0x7fb6ab62b6b0  size=16  zone: DefaultMallocZone_0x10523f000  length: 9  "/* XPM */"
Leak: 0x7fb6ab62b6f0  size=16  zone: DefaultMallocZone_0x10523f000  length: 13  "maps/map2.spr"
Leak: 0x7fb6ab62b800  size=16  zone: DefaultMallocZone_0x10523f000  length: 13  "maps/map2.par"
Leak: 0x7fb6ab62d110  size=16  zone: DefaultMallocZone_0x10523f000  length: 1  "7"
Leak: 0x7fb6ab631080  size=16  zone: DefaultMallocZone_0x10523f000  length: 1  "0"
Leak: 0x7fb6ab635e10  size=16  zone: DefaultMallocZone_0x10523f000  length: 1  "0"
Leak: 0x7fb6ab636150  size=16  zone: DefaultMallocZone_0x10523f000  length: 3  "100"
Leak: 0x7fb6ab63ceb0  size=16  zone: DefaultMallocZone_0x10523f000  length: 1  "0"
Leak: 0x7fb6ab63cf50  size=48  zone: DefaultMallocZone_0x10523f000  length: 47  "4 4 4 4 4 4 4 4 4 4 4 4 4 4 4 4 7 7 7 7 7 7 7 7"
Leak: 0x7fb6ab63d350  size=16  zone: DefaultMallocZone_0x10523f000  length: 1  "7"
Leak: 0x7fb6ab63deb0  size=32  zone: DefaultMallocZone_0x10523f000
	0x00000000 0x00000000 0x00000000 0x00000000 	................
	0x00000000 0x00000000 0x00000000 0x00000000 	................
Leak: 0x7fb6ab63ded0  size=32  zone: DefaultMallocZone_0x10523f000
	0x00000000 0x00000000 0x00000000 0x00000000 	................
	0x00000000 0x00000000 0x00000000 0x00000000 	................
Leak: 0x7fb6ab63def0  size=16  zone: DefaultMallocZone_0x10523f000
	0xab6419f0 0x00007fb6 0x00000000 0x00000000 	..d.............
Leak: 0x7fb6ab63df40  size=32  zone: DefaultMallocZone_0x10523f000
	0x00000000 0x00000000 0x00000000 0x00000000 	................
	0x00000000 0x00000000 0x00000000 0x00000000 	................
Leak: 0x7fb6ab63df60  size=16  zone: DefaultMallocZone_0x10523f000  length: 6  "10 1 0"
Leak: 0x7fb6ab63e010  size=64  zone: DefaultMallocZone_0x10523f000  length: 48  "4 0 7 0 0 0 0 10 0 0 0 0 0 0 0 0 0 0 0 0 7 7 7 1"
Leak: 0x7fb6ab63e050  size=48  zone: DefaultMallocZone_0x10523f000  length: 47  "4 4 4 4 4 4 4 4 4 4 4 4 4 4 4 4 7 7 7 7 7 7 7 7"
Leak: 0x7fb6ab63e080  size=48  zone: DefaultMallocZone_0x10523f000  length: 47  "4 0 0 0 0 0 0 0 0 0 0 0 0 0 0 0 7 0 0 0 0 0 0 7"
Leak: 0x7fb6ab63e0b0  size=48  zone: DefaultMallocZone_0x10523f000  length: 47  "4 0 1 0 0 0 0 0 0 0 0 0 0 0 0 0 0 0 0 0 0 0 0 7"
Leak: 0x7fb6ab63e0e0  size=48  zone: DefaultMallocZone_0x10523f000  length: 47  "4 0 2 0 0 0 0 0 0 0 0 0 0 0 0 0 0 0 0 0 0 0 0 7"
Leak: 0x7fb6ab63e110  size=48  zone: DefaultMallocZone_0x10523f000  length: 47  "4 0 3 0 0 0 0 0 0 0 0 0 0 0 0 0 7 0 0 0 0 0 0 7"
Leak: 0x7fb6ab63e140  size=48  zone: DefaultMallocZone_0x10523f000  length: 47  "4 0 4 0 0 0 0 5 5 5 5 5 5 5 5 5 7 7 0 7 7 7 7 7"
Leak: 0x7fb6ab63e170  size=48  zone: DefaultMallocZone_0x10523f000  length: 47  "4 0 5 0 0 0 0 5 0 5 0 5 0 5 0 5 7 0 0 0 7 7 7 1"
Leak: 0x7fb6ab63e1a0  size=48  zone: DefaultMallocZone_0x10523f000  length: 47  "4 0 6 0 0 0 0 5 0 0 0 0 0 0 0 5 7 0 0 0 0 0 0 8"
Leak: 0x7fb6ab63e210  size=48  zone: DefaultMallocZone_0x10523f000  length: 47  "4 0 8 0 0 0 0 5 0 0 0 0 0 0 0 5 7 0 0 0 0 0 0 8"
Leak: 0x7fb6ab63e240  size=48  zone: DefaultMallocZone_0x10523f000  length: 47  "4 0 0 0 0 0 0 5 0 0 0 0 0 0 0 5 7 0 0 0 7 7 7 1"
Leak: 0x7fb6ab63e270  size=48  zone: DefaultMallocZone_0x10523f000  length: 47  "4 0 0 0 0 0 0 5 5 5 5 0 5 5 5 5 7 7 7 7 7 7 7 1"
Leak: 0x7fb6ab63e2a0  size=48  zone: DefaultMallocZone_0x10523f000  length: 47  "6 6 6 6 6 6 6 6 6 6 6 0 6 6 6 6 6 6 6 6 6 6 6 6"
Leak: 0x7fb6ab63e2d0  size=48  zone: DefaultMallocZone_0x10523f000  length: 47  "8 0 0 0 0 0 0 0 0 0 0 0 0 0 0 0 0 0 0 0 0 0 0 4"
Leak: 0x7fb6ab63e300  size=48  zone: DefaultMallocZone_0x10523f000  length: 47  "6 6 6 6 6 6 0 6 6 6 6 0 6 6 6 6 6 6 6 6 6 6 6 6"
Leak: 0x7fb6ab63e330  size=48  zone: DefaultMallocZone_0x10523f000  length: 47  "4 4 4 4 4 4 0 4 4 4 6 0 6 2 2 2 2 2 2 2 3 3 3 3"
Leak: 0x7fb6ab63e360  size=48  zone: DefaultMallocZone_0x10523f000  length: 47  "4 0 0 0 0 0 0 0 0 4 6 0 6 2 0 0 0 0 0 2 0 0 0 2"
Leak: 0x7fb6ab63e390  size=48  zone: DefaultMallocZone_0x10523f000  length: 47  "4 0 0 0 0 0 0 0 0 0 0 0 6 2 0 0 5 0 0 2 0 0 0 2"
Leak: 0x7fb6ab63e3c0  size=48  zone: DefaultMallocZone_0x10523f000  length: 47  "4 0 0 0 0 0 0 0 0 4 6 0 6 2 0 0 0 0 0 2 2 0 2 2"
Leak: 0x7fb6ab63e3f0  size=48  zone: DefaultMallocZone_0x10523f000  length: 47  "4 0 6 0 6 0 0 0 0 4 6 0 0 0 0 0 5 0 0 0 0 0 0 2"
Leak: 0x7fb6ab63e420  size=48  zone: DefaultMallocZone_0x10523f000  length: 47  "4 0 0 5 0 0 0 0 0 4 6 0 6 2 0 0 0 0 0 2 2 0 2 2"
Leak: 0x7fb6ab63e450  size=48  zone: DefaultMallocZone_0x10523f000  length: 47  "4 0 6 0 6 0 0 0 0 4 6 0 6 2 0 0 5 0 0 2 0 0 0 2"
Leak: 0x7fb6ab63e480  size=48  zone: DefaultMallocZone_0x10523f000  length: 47  "4 0 0 0 0 0 0 0 0 4 6 0 6 2 0 0 0 0 0 2 0 0 0 2"
Leak: 0x7fb6ab63e4b0  size=48  zone: DefaultMallocZone_0x10523f000  length: 47  "4 4 4 4 4 4 4 0 4 4 1 1 1 2 2 2 2 2 2 3 3 3 3 3"
Leak: 0x7fb6ab63e6e0  size=16  zone: DefaultMallocZone_0x10523f000  length: 9  "/* XPM */"
Leak: 0x7fb6ab63ecf0  size=16  zone: DefaultMallocZone_0x10523f000  length: 3  "end"
Leak: 0x7fb6ab63ed00  size=16  zone: DefaultMallocZone_0x10523f000
	0xab641990 0x00007fb6 0x00000000 0x00000000 	..d.............
Leak: 0x7fb6ab63ed10  size=32  zone: DefaultMallocZone_0x10523f000  length: 25  "#Sprites //type;posX;posY"
Leak: 0x7fb6ab63ed50  size=16  zone: DefaultMallocZone_0x10523f000  length: 3  "win"
Leak: 0x7fb6ab63fa00  size=16  zone: DefaultMallocZone_0x10523f000  length: 9  "/* XPM */"
Leak: 0x7fb6ab641990  size=32  zone: DefaultMallocZone_0x10523f000  length: 21  "#Lamps in center area"
Leak: 0x7fb6ab6419b0  size=32  zone: DefaultMallocZone_0x10523f000
	0x00000000 0x00000000 0x00000000 0x00000000 	................
	0x00000000 0x00000000 0x00000000 0x00000000 	................
Leak: 0x7fb6ab6419d0  size=32  zone: DefaultMallocZone_0x10523f000
	0x00000000 0x00000000 0x00000000 0x00000000 	................
	0x00000000 0x00000000 0x00000000 0x00000000 	................
Leak: 0x7fb6ab6419f0  size=32  zone: DefaultMallocZone_0x10523f000  length: 25  "#Lamps in bottom corridor"
Leak: 0x7fb6ab641a10  size=32  zone: DefaultMallocZone_0x10523f000
	0x00000000 0x00000000 0x00000000 0x00000000 	................
	0x00000000 0x00000000 0x00000000 0x00000000 	................
Leak: 0x7fb6ab641a30  size=32  zone: DefaultMallocZone_0x10523f000
	0x00000000 0x00000000 0x00000000 0x00000000 	................
	0x00000000 0x00000000 0x00000000 0x00000000 	................
Leak: 0x7fb6ab641a50  size=16  zone: DefaultMallocZone_0x10523f000
	0xab641a80 0x00007fb6 0x00000000 0x00000000 	..d.............
Leak: 0x7fb6ab641a60  size=32  zone: DefaultMallocZone_0x10523f000
	0x00000000 0x00000000 0x00000000 0x00000000 	................
	0x00000000 0x00000000 0x00000000 0x00000000 	................
Leak: 0x7fb6ab641a80  size=32  zone: DefaultMallocZone_0x10523f000  length: 27  "#Tables in long bottom room"
Leak: 0x7fb6ab641aa0  size=16  zone: DefaultMallocZone_0x10523f000
	0xab642db0 0x00007fb6 0x00000000 0x00000000 	.-d.............
Leak: 0x7fb6ab642d70  size=32  zone: DefaultMallocZone_0x10523f000
	0x00000000 0x00000000 0x00000000 0x00000000 	................
	0x00000000 0x00000000 0x00000000 0x00000000 	................
Leak: 0x7fb6ab642d90  size=16  zone: DefaultMallocZone_0x10523f000  length: 6  "start:"
Leak: 0x7fb6ab642da0  size=16  zone: DefaultMallocZone_0x10523f000  length: 6  "Player"
Leak: 0x7fb6ab642db0  size=32  zone: DefaultMallocZone_0x10523f000  length: 26  "#Lamps in long bottom room"
Leak: 0x7fb6ab642dd0  size=16  zone: DefaultMallocZone_0x10523f000  length: 1  "#"
Leak: 0x7fb6ab642de0  size=32  zone: DefaultMallocZone_0x10523f000
	0x00000000 0x00000000 0x00000000 0x00000000 	................
	0x00000000 0x00000000 0x00000000 0x00000000 	................
Leak: 0x7fb6ab642ec0  size=16  zone: DefaultMallocZone_0x10523f000  length: 1  "0"
Leak: 0x7fb6ab642ed0  size=32  zone: DefaultMallocZone_0x10523f000  length: 30  "# Player start: posx posz roty"
Leak: 0x7fb6ab642ef0  size=32  zone: DefaultMallocZone_0x10523f000  length: 26  "# Player end win level pos"
Leak: 0x7fb6ab642f30  size=64  zone: DefaultMallocZone_0x10523f000
	0xab642dd0 0x00007fb6 0xab642da0 0x00007fb6 	.-d......-d.....
	0xab63ecf0 0x00007fb6 0xab63ed50 0x00007fb6 	..c.....P.c.....
	0xab642f70 0x00007fb6 0xab642f80 0x00007fb6 	p/d....../d.....
	0x00000000 0x00000000 0x00000000 0x00000000 	................
Leak: 0x7fb6ab642f70  size=16  zone: DefaultMallocZone_0x10523f000  length: 5  "level"
Leak: 0x7fb6ab642f80  size=16  zone: DefaultMallocZone_0x10523f000  length: 3  "pos"
Leak: 0x7fb6ab642f90  size=16  zone: DefaultMallocZone_0x10523f000  length: 6  "7 23 0"
Leak: 0x7fb6ab642fb0  size=16  zone: DefaultMallocZone_0x10523f000  length: 1  "#"
Leak: 0x7fb6ab643000  size=16  zone: DefaultMallocZone_0x10523f000  length: 6  "Player"
Leak: 0x7fb6ab643010  size=32  zone: DefaultMallocZone_0x10523f000
	0x00000000 0x00000000 0x00000000 0x00000000 	................
	0x00000000 0x00000000 0x00000000 0x00000000 	................
Leak: 0x7fb6ab643030  size=64  zone: DefaultMallocZone_0x10523f000
	0xab642fb0 0x00007fb6 0xab643000 0x00007fb6 	./d......0d.....
	0xab642d90 0x00007fb6 0xab643070 0x00007fb6 	.-d.....p0d.....
	0xab643080 0x00007fb6 0xab643090 0x00007fb6 	.0d......0d.....
	0x00000000 0x00000000 0x00000000 0x00000000 	................
Leak: 0x7fb6ab643070  size=16  zone: DefaultMallocZone_0x10523f000  length: 4  "posx"
Leak: 0x7fb6ab643080  size=16  zone: DefaultMallocZone_0x10523f000  length: 4  "posz"
Leak: 0x7fb6ab643090  size=16  zone: DefaultMallocZone_0x10523f000  length: 4  "roty"
Leak: 0x7fb6ab6430a0  size=16  zone: DefaultMallocZone_0x10523f000  length: 6  "Player"
Leak: 0x7fb6ab6430b0  size=16  zone: DefaultMallocZone_0x10523f000  length: 3  "end"
Leak: 0x7fb6ab6430c0  size=16  zone: DefaultMallocZone_0x10523f000  length: 1  "#"
Leak: 0x7fb6ab6430d0  size=32  zone: DefaultMallocZone_0x10523f000
	0x00000000 0x00000000 0x00000000 0x00000000 	................
	0x00000000 0x00000000 0x00000000 0x00000000 	................
Leak: 0x7fb6ab6430f0  size=64  zone: DefaultMallocZone_0x10523f000
	0xab6430c0 0x00007fb6 0xab6430a0 0x00007fb6 	.0d......0d.....
	0xab6430b0 0x00007fb6 0xab643130 0x00007fb6 	.0d.....01d.....
	0xab643140 0x00007fb6 0xab643150 0x00007fb6 	@1d.....P1d.....
	0x00000000 0x00000000 0x00000000 0x00000000 	................
Leak: 0x7fb6ab643130  size=16  zone: DefaultMallocZone_0x10523f000  length: 3  "win"
Leak: 0x7fb6ab643140  size=16  zone: DefaultMallocZone_0x10523f000  length: 5  "level"
Leak: 0x7fb6ab643150  size=16  zone: DefaultMallocZone_0x10523f000  length: 3  "pos"
Leak: 0x7fb6ab643160  size=16  zone: DefaultMallocZone_0x10523f000  length: 9  "/* XPM */"
Leak: 0x7fb6ab643390  size=16  zone: DefaultMallocZone_0x10523f000  length: 9  "/* XPM */"
Leak: 0x7fb6ab6433e0  size=16  zone: DefaultMallocZone_0x10523f000  length: 9  "/* XPM */"
Leak: 0x7fb6ab643430  size=16  zone: DefaultMallocZone_0x10523f000  length: 9  "/* XPM */"
Leak: 0x7fb6ab643480  size=16  zone: DefaultMallocZone_0x10523f000  length: 9  "/* XPM */"
Leak: 0x7fb6ab6434d0  size=16  zone: DefaultMallocZone_0x10523f000  length: 9  "/* XPM */"
Leak: 0x7fb6ab643520  size=16  zone: DefaultMallocZone_0x10523f000  length: 9  "/* XPM */"
Leak: 0x7fb6ab643570  size=16  zone: DefaultMallocZone_0x10523f000  length: 9  "/* XPM */"
Leak: 0x7fb6ab6435c0  size=16  zone: DefaultMallocZone_0x10523f000  length: 9  "/* XPM */"
Leak: 0x7fb6ab643610  size=16  zone: DefaultMallocZone_0x10523f000  length: 9  "/* XPM */"
Leak: 0x7fb6ab643660  size=16  zone: DefaultMallocZone_0x10523f000  length: 9  "/* XPM */"
Leak: 0x7fb6ab643740  size=16  zone: DefaultMallocZone_0x10523f000  length: 9  "/* XPM */"
Leak: 0x7fb6ab643ef0  size=16  zone: DefaultMallocZone_0x10523f000  length: 3  "600"
Leak: 0x7fb6ab643f00  size=16  zone: DefaultMallocZone_0x10523f000  length: 1  "1"
Leak: 0x7fb6ab644630  size=16  zone: DefaultMallocZone_0x10523f000  length: 3  "600"
Leak: 0x7fb6ab64be40  size=16  zone: DefaultMallocZone_0x10523f000  length: 3  "600"
Leak: 0x7fb6ab64c030  size=16  zone: DefaultMallocZone_0x10523f000  length: 1  "0"
Leak: 0x7fb6ab64c4a0  size=16  zone: DefaultMallocZone_0x10523f000  length: 1  "1"
Leak: 0x7fb6ab64c8f0  size=16  zone: DefaultMallocZone_0x10523f000  length: 1  "7"
Leak: 0x7fb6ab64cb60  size=16  zone: DefaultMallocZone_0x10523f000  length: 1  "1"
Leak: 0x7fb6ab64cf00  size=16  zone: DefaultMallocZone_0x10523f000  length: 1  "1"
Leak: 0x7fb6ab64d030  size=16  zone: DefaultMallocZone_0x10523f000  length: 1  "1"
Leak: 0x7fb6ab64ecd0  size=16  zone: DefaultMallocZone_0x10523f000  length: 1  "0"
Leak: 0x7fb6ab64ff10  size=16  zone: DefaultMallocZone_0x10523f000  length: 3  "100"
Leak: 0x7fb6ab6504f0  size=16  zone: DefaultMallocZone_0x10523f000  length: 1  "1"
Leak: 0x7fb6ab651890  size=16  zone: DefaultMallocZone_0x10523f000  length: 1  "0"
Leak: 0x7fb6ab651b70  size=16  zone: DefaultMallocZone_0x10523f000  length: 1  "1"
Leak: 0x7fb6ab651cd0  size=16  zone: DefaultMallocZone_0x10523f000  length: 1  "1"
Leak: 0x7fb6ab6537f0  size=16  zone: DefaultMallocZone_0x10523f000  length: 1  "0"
Leak: 0x7fb6ab653880  size=16  zone: DefaultMallocZone_0x10523f000  length: 1  "1"
Leak: 0x7fb6ab653de0  size=16  zone: DefaultMallocZone_0x10523f000  length: 3  "100"
Leak: 0x7fb6ab653df0  size=16  zone: DefaultMallocZone_0x10523f000  length: 1  "7"
Leak: 0x7fb6ab653e50  size=16  zone: DefaultMallocZone_0x10523f000  length: 2  "32"
Leak: 0x7fb6ab653ee0  size=16  zone: DefaultMallocZone_0x10523f000  length: 1  "1"
Leak: 0x7fb6ab654840  size=16  zone: DefaultMallocZone_0x10523f000  length: 1  "1"
Leak: 0x7fb6ab654850  size=16  zone: DefaultMallocZone_0x10523f000  length: 1  "1"
Leak: 0x7fb6ab655120  size=16  zone: DefaultMallocZone_0x10523f000  length: 1  "1"
Leak: 0x7fb6ab655130  size=16  zone: DefaultMallocZone_0x10523f000  length: 1  "1"
Leak: 0x7fb6ab655900  size=16  zone: DefaultMallocZone_0x10523f000  length: 1  "0"
Leak: 0x7fb6ab655910  size=16  zone: DefaultMallocZone_0x10523f000  length: 1  "1"
Leak: 0x7fb6ab655b90  size=16  zone: DefaultMallocZone_0x10523f000  length: 1  "0"
Leak: 0x7fb6ab656860  size=16  zone: DefaultMallocZone_0x10523f000  length: 1  "0"
Leak: 0x7fb6ab656870  size=16  zone: DefaultMallocZone_0x10523f000  length: 1  "0"
Leak: 0x7fb6ab656bf0  size=16  zone: DefaultMallocZone_0x10523f000  length: 1  "0"
Leak: 0x7fb6ab656c00  size=16  zone: DefaultMallocZone_0x10523f000  length: 1  "1"
Leak: 0x7fb6ab65a640  size=16  zone: DefaultMallocZone_0x10523f000  length: 1  "0"
Leak: 0x7fb6ab65c2d0  size=16  zone: DefaultMallocZone_0x10523f000  length: 1  "1"
Leak: 0x7fb6ab65cbd0  size=16  zone: DefaultMallocZone_0x10523f000  length: 1  "0"
Leak: 0x7fb6ab65f300  size=16  zone: DefaultMallocZone_0x10523f000  length: 2  "32"
Leak: 0x7fb6ab660520  size=16  zone: DefaultMallocZone_0x10523f000  length: 1  "1"
Leak: 0x7fb6ab660530  size=16  zone: DefaultMallocZone_0x10523f000  length: 2  "10"
Leak: 0x7fb6ab660540  size=16  zone: DefaultMallocZone_0x10523f000  length: 2  "32"
Leak: 0x7fb6ab660550  size=16  zone: DefaultMallocZone_0x10523f000  length: 1  "1"
Leak: 0x7fb6ab660560  size=16  zone: DefaultMallocZone_0x10523f000  length: 1  "0"
Leak: 0x7fb6ab660570  size=16  zone: DefaultMallocZone_0x10523f000  length: 3  "335"
Leak: 0x7fb6ab660580  size=16  zone: DefaultMallocZone_0x10523f000  length: 1  "0"
Leak: 0x7fb6ab6606e0  size=16  zone: DefaultMallocZone_0x10523f000  length: 1  "0"
Leak: 0x7fb6ab6606f0  size=16  zone: DefaultMallocZone_0x10523f000  length: 3  "600"
Leak: 0x7fb6ab660700  size=16  zone: DefaultMallocZone_0x10523f000  length: 1  "1"
Leak: 0x7fb6ab660710  size=16  zone: DefaultMallocZone_0x10523f000  length: 1  "1"
Leak: 0x7fb6ab660a80  size=16  zone: DefaultMallocZone_0x10523f000  length: 1  "1"
Leak: 0x7fb6ab660a90  size=16  zone: DefaultMallocZone_0x10523f000  length: 1  "0"
Leak: 0x7fb6ab661be0  size=16  zone: DefaultMallocZone_0x10523f000  length: 1  "0"
Leak: 0x7fb6ab662d40  size=16  zone: DefaultMallocZone_0x10523f000  length: 1  "1"
Leak: 0x7fb6ab6634b0  size=16  zone: DefaultMallocZone_0x10523f000  length: 1  "0"
Leak: 0x7fb6ab663810  size=16  zone: DefaultMallocZone_0x10523f000  length: 3  "600"
Leak: 0x7fb6ab663970  size=16  zone: DefaultMallocZone_0x10523f000  length: 1  "1"
Leak: 0x7fb6ab6639e0  size=16  zone: DefaultMallocZone_0x10523f000  length: 1  "0"
Leak: 0x7fb6ab6649d0  size=16  zone: DefaultMallocZone_0x10523f000  length: 1  "0"
Leak: 0x7fb6ab664a10  size=16  zone: DefaultMallocZone_0x10523f000  length: 1  "1"
Leak: 0x7fb6ab664a20  size=16  zone: DefaultMallocZone_0x10523f000  length: 1  "1"
Leak: 0x7fb6ab664a30  size=16  zone: DefaultMallocZone_0x10523f000  length: 1  "1"
Leak: 0x7fb6ab664a40  size=16  zone: DefaultMallocZone_0x10523f000  length: 1  "1"
Leak: 0x7fb6ab664a50  size=16  zone: DefaultMallocZone_0x10523f000  length: 3  "100"
Leak: 0x7fb6ab664a60  size=16  zone: DefaultMallocZone_0x10523f000  length: 1  "7"
Leak: 0x7fb6ab664a70  size=16  zone: DefaultMallocZone_0x10523f000  length: 1  "0"
Leak: 0x7fb6ab664ae0  size=16  zone: DefaultMallocZone_0x10523f000  length: 2  "10"
Leak: 0x7fb6ab664e90  size=16  zone: DefaultMallocZone_0x10523f000  length: 2  "32"
Leak: 0x7fb6ab665350  size=16  zone: DefaultMallocZone_0x10523f000  length: 2  "10"
Leak: 0x7fb6ab667430  size=16  zone: DefaultMallocZone_0x10523f000  length: 1  "0"
Leak: 0x7fb6ab667910  size=16  zone: DefaultMallocZone_0x10523f000  length: 1  "0"
Leak: 0x7fb6ab667950  size=16  zone: DefaultMallocZone_0x10523f000  length: 2  "32"
Leak: 0x7fb6ab667960  size=16  zone: DefaultMallocZone_0x10523f000  length: 1  "1"
Leak: 0x7fb6ab667970  size=16  zone: DefaultMallocZone_0x10523f000  length: 1  "0"
Leak: 0x7fb6ab667980  size=16  zone: DefaultMallocZone_0x10523f000  length: 3  "355"
Leak: 0x7fb6ab667990  size=16  zone: DefaultMallocZone_0x10523f000  length: 2  "10"
Leak: 0x7fb6ab667bd0  size=16  zone: DefaultMallocZone_0x10523f000  length: 1  "1"
Leak: 0x7fb6ab667dd0  size=16  zone: DefaultMallocZone_0x10523f000  length: 2  "32"
Leak: 0x7fb6ab6681e0  size=16  zone: DefaultMallocZone_0x10523f000  length: 1  "1"
Leak: 0x7fb6ab668860  size=16  zone: DefaultMallocZone_0x10523f000  length: 1  "0"
Leak: 0x7fb6ab6689d0  size=16  zone: DefaultMallocZone_0x10523f000  length: 1  "1"
Leak: 0x7fb6ab669d50  size=16  zone: DefaultMallocZone_0x10523f000  length: 3  "100"
Leak: 0x7fb6ab66a270  size=16  zone: DefaultMallocZone_0x10523f000  length: 1  "0"
Leak: 0x7fb6ab66a2d0  size=16  zone: DefaultMallocZone_0x10523f000  length: 1  "1"
Leak: 0x7fb6ab66aae0  size=16  zone: DefaultMallocZone_0x10523f000  length: 3  "100"
Leak: 0x7fb6ab66acc0  size=16  zone: DefaultMallocZone_0x10523f000  length: 1  "1"
Leak: 0x7fb6ab66ad60  size=16  zone: DefaultMallocZone_0x10523f000  length: 1  "7"
Leak: 0x7fb6ab66afe0  size=16  zone: DefaultMallocZone_0x10523f000  length: 1  "1"
Leak: 0x7fb6ab66b4c0  size=16  zone: DefaultMallocZone_0x10523f000  length: 1  "0"
Leak: 0x7fb6ab672dd0  size=16  zone: DefaultMallocZone_0x10523f000  length: 1  "0"
Leak: 0x7fb6ab673280  size=16  zone: DefaultMallocZone_0x10523f000  length: 1  "1"
Leak: 0x7fb6ab673490  size=16  zone: DefaultMallocZone_0x10523f000  length: 1  "0"
Leak: 0x7fb6ab673cb0  size=16  zone: DefaultMallocZone_0x10523f000  length: 3  "600"
Leak: 0x7fb6ab6751d0  size=16  zone: DefaultMallocZone_0x10523f000  length: 1  "0"
Leak: 0x7fb6ab6751e0  size=16  zone: DefaultMallocZone_0x10523f000  length: 3  "600"
Leak: 0x7fb6ab6751f0  size=16  zone: DefaultMallocZone_0x10523f000  length: 1  "1"
Leak: 0x7fb6ab675200  size=16  zone: DefaultMallocZone_0x10523f000  length: 1  "1"
Leak: 0x7fb6ab675210  size=16  zone: DefaultMallocZone_0x10523f000  length: 1  "1"
Leak: 0x7fb6ab675220  size=16  zone: DefaultMallocZone_0x10523f000  length: 1  "1"
Leak: 0x7fb6ab675230  size=16  zone: DefaultMallocZone_0x10523f000  length: 1  "2"
Leak: 0x7fb6ab675240  size=16  zone: DefaultMallocZone_0x10523f000  length: 3  "100"
Leak: 0x7fb6ab675250  size=16  zone: DefaultMallocZone_0x10523f000  length: 1  "7"
Leak: 0x7fb6ab675260  size=16  zone: DefaultMallocZone_0x10523f000  length: 1  "0"
Leak: 0x7fb6ab6754b0  size=16  zone: DefaultMallocZone_0x10523f000  length: 2  "10"
Leak: 0x7fb6ab6754c0  size=16  zone: DefaultMallocZone_0x10523f000  length: 1  "0"
Leak: 0x7fb6ab6754d0  size=16  zone: DefaultMallocZone_0x10523f000  length: 3  "600"
Leak: 0x7fb6ab6754e0  size=16  zone: DefaultMallocZone_0x10523f000  length: 1  "1"
Leak: 0x7fb6ab6754f0  size=16  zone: DefaultMallocZone_0x10523f000  length: 1  "1"
Leak: 0x7fb6ab675500  size=16  zone: DefaultMallocZone_0x10523f000  length: 1  "1"
Leak: 0x7fb6ab675510  size=16  zone: DefaultMallocZone_0x10523f000  length: 1  "1"
Leak: 0x7fb6ab675520  size=16  zone: DefaultMallocZone_0x10523f000  length: 1  "1"
Leak: 0x7fb6ab675530  size=16  zone: DefaultMallocZone_0x10523f000  length: 3  "100"
Leak: 0x7fb6ab675540  size=16  zone: DefaultMallocZone_0x10523f000  length: 1  "7"
Leak: 0x7fb6ab675550  size=16  zone: DefaultMallocZone_0x10523f000  length: 1  "0"
Leak: 0x7fb6ab675730  size=16  zone: DefaultMallocZone_0x10523f000  length: 1  "0"
Leak: 0x7fb6ab675740  size=16  zone: DefaultMallocZone_0x10523f000  length: 1  "1"
Leak: 0x7fb6ab675750  size=16  zone: DefaultMallocZone_0x10523f000  length: 2  "10"
Leak: 0x7fb6ab675760  size=16  zone: DefaultMallocZone_0x10523f000  length: 2  "32"
Leak: 0x7fb6ab675770  size=16  zone: DefaultMallocZone_0x10523f000  length: 1  "1"
Leak: 0x7fb6ab675780  size=16  zone: DefaultMallocZone_0x10523f000  length: 1  "0"
Leak: 0x7fb6ab675790  size=16  zone: DefaultMallocZone_0x10523f000  length: 2  "15"
Leak: 0x7fb6ab676220  size=16  zone: DefaultMallocZone_0x10523f000  length: 1  "0"
Leak: 0x7fb6ab6762e0  size=16  zone: DefaultMallocZone_0x10523f000  length: 1  "1"
Leak: 0x7fb6ab6769f0  size=16  zone: DefaultMallocZone_0x10523f000  length: 3  "600"
Leak: 0x7fb6ab676bc0  size=16  zone: DefaultMallocZone_0x10523f000  length: 1  "1"
Leak: 0x7fb6ab6773e0  size=16  zone: DefaultMallocZone_0x10523f000  length: 1  "0"
Leak: 0x7fb6ab677a30  size=16  zone: DefaultMallocZone_0x10523f000  length: 2  "10"
Leak: 0x7fb6ab677a40  size=16  zone: DefaultMallocZone_0x10523f000  length: 2  "32"
Leak: 0x7fb6ab677a50  size=16  zone: DefaultMallocZone_0x10523f000  length: 2  "-1"
Leak: 0x7fb6ab677fd0  size=16  zone: DefaultMallocZone_0x10523f000  length: 1  "1"
Leak: 0x7fb6ab677fe0  size=16  zone: DefaultMallocZone_0x10523f000  length: 2  "10"
Leak: 0x7fb6ab7019d0  size=16  zone: DefaultMallocZone_0x10523f000  length: 2  "10"
Leak: 0x7fb6ab702320  size=16  zone: DefaultMallocZone_0x10523f000  length: 3  "600"
Leak: 0x7fb6ab702430  size=16  zone: DefaultMallocZone_0x10523f000  length: 1  "0"
Leak: 0x7fb6ab704770  size=16  zone: DefaultMallocZone_0x10523f000  length: 3  "600"
Leak: 0x7fb6ab7053c0  size=16  zone: DefaultMallocZone_0x10523f000  length: 1  "1"
Leak: 0x7fb6ab7054a0  size=16  zone: DefaultMallocZone_0x10523f000  length: 2  "-1"
Leak: 0x7fb6ab707df0  size=16  zone: DefaultMallocZone_0x10523f000  length: 1  "7"
Leak: 0x7fb6ab708260  size=16  zone: DefaultMallocZone_0x10523f000  length: 1  "0"
Leak: 0x7fb6ab708450  size=16  zone: DefaultMallocZone_0x10523f000  length: 1  "0"
Leak: 0x7fb6ab7086d0  size=16  zone: DefaultMallocZone_0x10523f000  length: 1  "0"
Leak: 0x7fb6ab708a10  size=16  zone: DefaultMallocZone_0x10523f000  length: 1  "0"
Leak: 0x7fb6ab7090c0  size=16  zone: DefaultMallocZone_0x10523f000  length: 3  "100"
Leak: 0x7fb6ab709810  size=16  zone: DefaultMallocZone_0x10523f000  length: 2  "10"
Leak: 0x7fb6ab709860  size=16  zone: DefaultMallocZone_0x10523f000  length: 1  "0"
Leak: 0x7fb6ab70a140  size=16  zone: DefaultMallocZone_0x10523f000  length: 2  "32"
Leak: 0x7fb6ab70b510  size=16  zone: DefaultMallocZone_0x10523f000  length: 1  "1"
Leak: 0x7fb6ab70b640  size=16  zone: DefaultMallocZone_0x10523f000  length: 2  "32"
Leak: 0x7fb6ab70e290  size=16  zone: DefaultMallocZone_0x10523f000  length: 3  "600"
Leak: 0x7fb6ab70eb80  size=16  zone: DefaultMallocZone_0x10523f000  length: 1  "1"
Leak: 0x7fb6ab70eb90  size=16  zone: DefaultMallocZone_0x10523f000  length: 1  "1"
Leak: 0x7fb6ab70f720  size=16  zone: DefaultMallocZone_0x10523f000  length: 1  "0"
Leak: 0x7fb6ab7103a0  size=16  zone: DefaultMallocZone_0x10523f000  length: 1  "1"
Leak: 0x7fb6ab7105e0  size=16  zone: DefaultMallocZone_0x10523f000  length: 1  "0"
Leak: 0x7fb6ab710d20  size=16  zone: DefaultMallocZone_0x10523f000  length: 1  "0"
Leak: 0x7fb6ab714860  size=16  zone: DefaultMallocZone_0x10523f000  length: 1  "0"
Leak: 0x7fb6ab714c40  size=16  zone: DefaultMallocZone_0x10523f000  length: 3  "600"
Leak: 0x7fb6ab715390  size=16  zone: DefaultMallocZone_0x10523f000  length: 1  "7"
Leak: 0x7fb6ab7153a0  size=16  zone: DefaultMallocZone_0x10523f000  length: 1  "0"
Leak: 0x7fb6ab715770  size=16  zone: DefaultMallocZone_0x10523f000  length: 1  "0"
Leak: 0x7fb6ab715e00  size=16  zone: DefaultMallocZone_0x10523f000  length: 1  "0"
Leak: 0x7fb6ab716100  size=16  zone: DefaultMallocZone_0x10523f000  length: 3  "100"
Leak: 0x7fb6ab716780  size=16  zone: DefaultMallocZone_0x10523f000  length: 2  "10"
Leak: 0x7fb6ab718520  size=16  zone: DefaultMallocZone_0x10523f000  length: 1  "0"
Leak: 0x7fb6ab719090  size=16  zone: DefaultMallocZone_0x10523f000  length: 1  "1"
Leak: 0x7fb6ab719170  size=16  zone: DefaultMallocZone_0x10523f000  length: 1  "1"
Leak: 0x7fb6ab71ab10  size=16  zone: DefaultMallocZone_0x10523f000  length: 1  "0"
Leak: 0x7fb6ab71b580  size=16  zone: DefaultMallocZone_0x10523f000  length: 1  "0"
Leak: 0x7fb6ab71ca30  size=16  zone: DefaultMallocZone_0x10523f000  length: 1  "0"
Leak: 0x7fb6ab71d250  size=16  zone: DefaultMallocZone_0x10523f000  length: 1  "0"
Leak: 0x7fb6ab71d490  size=16  zone: DefaultMallocZone_0x10523f000  length: 3  "100"
Leak: 0x7fb6ab71d610  size=16  zone: DefaultMallocZone_0x10523f000  length: 1  "7"
Leak: 0x7fb6ab71d720  size=16  zone: DefaultMallocZone_0x10523f000  length: 1  "0"
Leak: 0x7fb6ab71eba0  size=16  zone: DefaultMallocZone_0x10523f000  length: 1  "1"
Leak: 0x7fb6ab71f630  size=16  zone: DefaultMallocZone_0x10523f000  length: 1  "1"
Leak: 0x7fb6ab720980  size=16  zone: DefaultMallocZone_0x10523f000  length: 1  "1"
Leak: 0x7fb6ab721560  size=16  zone: DefaultMallocZone_0x10523f000  length: 3  "100"
Leak: 0x7fb6ab721570  size=16  zone: DefaultMallocZone_0x10523f000  length: 1  "7"
Leak: 0x7fb6ab721580  size=16  zone: DefaultMallocZone_0x10523f000  length: 3  "100"
Leak: 0x7fb6ab722210  size=16  zone: DefaultMallocZone_0x10523f000  length: 1  "1"
Leak: 0x7fb6ab722430  size=16  zone: DefaultMallocZone_0x10523f000  length: 1  "1"
Leak: 0x7fb6ab722440  size=16  zone: DefaultMallocZone_0x10523f000  length: 1  "0"
Leak: 0x7fb6ab722b00  size=16  zone: DefaultMallocZone_0x10523f000  length: 1  "1"
Leak: 0x7fb6ab722d30  size=16  zone: DefaultMallocZone_0x10523f000  length: 1  "0"
Leak: 0x7fb6ab722d40  size=16  zone: DefaultMallocZone_0x10523f000  length: 1  "1"
Leak: 0x7fb6ab722d50  size=16  zone: DefaultMallocZone_0x10523f000  length: 2  "10"
Leak: 0x7fb6ab722d60  size=16  zone: DefaultMallocZone_0x10523f000  length: 2  "32"
Leak: 0x7fb6ab724200  size=16  zone: DefaultMallocZone_0x10523f000  length: 3  "350"
Leak: 0x7fb6ab724430  size=16  zone: DefaultMallocZone_0x10523f000  length: 1  "1"
Leak: 0x7fb6ab724440  size=16  zone: DefaultMallocZone_0x10523f000  length: 1  "1"
Leak: 0x7fb6ab724450  size=16  zone: DefaultMallocZone_0x10523f000  length: 1  "1"
Leak: 0x7fb6ab724460  size=16  zone: DefaultMallocZone_0x10523f000  length: 1  "1"
Leak: 0x7fb6ab724470  size=16  zone: DefaultMallocZone_0x10523f000  length: 3  "100"
Leak: 0x7fb6ab724480  size=16  zone: DefaultMallocZone_0x10523f000  length: 1  "7"
Leak: 0x7fb6ab724490  size=16  zone: DefaultMallocZone_0x10523f000  length: 1  "0"
Leak: 0x7fb6ab726270  size=16  zone: DefaultMallocZone_0x10523f000  length: 3  "330"
Leak: 0x7fb6ab726840  size=16  zone: DefaultMallocZone_0x10523f000  length: 1  "0"
Leak: 0x7fb6ab726ba0  size=16  zone: DefaultMallocZone_0x10523f000  length: 1  "0"
Leak: 0x7fb6ab726bb0  size=16  zone: DefaultMallocZone_0x10523f000  length: 3  "600"
Leak: 0x7fb6ab726bc0  size=16  zone: DefaultMallocZone_0x10523f000  length: 1  "1"
Leak: 0x7fb6ab74e0f0  size=16  zone: DefaultMallocZone_0x10523f000  length: 1  "0"
Leak: 0x7fb6ab750bd0  size=16  zone: DefaultMallocZone_0x10523f000  length: 2  "32"
Leak: 0x7fb6ab751500  size=16  zone: DefaultMallocZone_0x10523f000  length: 1  "0"
Leak: 0x7fb6ab752160  size=16  zone: DefaultMallocZone_0x10523f000  length: 1  "0"
Leak: 0x7fb6ab753140  size=16  zone: DefaultMallocZone_0x10523f000  length: 3  "600"
Leak: 0x7fb6ab755020  size=16  zone: DefaultMallocZone_0x10523f000  length: 1  "0"
Leak: 0x7fb6ab755650  size=16  zone: DefaultMallocZone_0x10523f000  length: 1  "0"
Leak: 0x7fb6ab755680  size=16  zone: DefaultMallocZone_0x10523f000  length: 1  "1"
Leak: 0x7fb6ab7562b0  size=16  zone: DefaultMallocZone_0x10523f000  length: 1  "1"
Leak: 0x7fb6ab756f70  size=16  zone: DefaultMallocZone_0x10523f000  length: 1  "1"
Leak: 0x7fb6ab7571c0  size=16  zone: DefaultMallocZone_0x10523f000  length: 2  "10"
Leak: 0x7fb6ab757440  size=16  zone: DefaultMallocZone_0x10523f000  length: 2  "32"
Leak: 0x7fb6ab757580  size=16  zone: DefaultMallocZone_0x10523f000  length: 2  "10"
Leak: 0x7fb6ab759330  size=16  zone: DefaultMallocZone_0x10523f000  length: 1  "1"
Leak: 0x7fb6ab759930  size=16  zone: DefaultMallocZone_0x10523f000  length: 1  "1"
Leak: 0x7fb6ab75a130  size=16  zone: DefaultMallocZone_0x10523f000  length: 1  "0"
Leak: 0x7fb6ab75a140  size=16  zone: DefaultMallocZone_0x10523f000  length: 2  "10"
Leak: 0x7fb6ab75a280  size=16  zone: DefaultMallocZone_0x10523f000  length: 1  "1"
Leak: 0x7fb6ab75a290  size=16  zone: DefaultMallocZone_0x10523f000  length: 1  "0"
Leak: 0x7fb6ab75acd0  size=16  zone: DefaultMallocZone_0x10523f000  length: 1  "1"
Leak: 0x7fb6ab75ae10  size=16  zone: DefaultMallocZone_0x10523f000  length: 1  "1"
Leak: 0x7fb6ab75ae80  size=16  zone: DefaultMallocZone_0x10523f000  length: 3  "600"
Leak: 0x7fb6ab75baf0  size=16  zone: DefaultMallocZone_0x10523f000  length: 2  "32"
Leak: 0x7fb6ab75bb00  size=16  zone: DefaultMallocZone_0x10523f000  length: 1  "1"
Leak: 0x7fb6ab75bb10  size=16  zone: DefaultMallocZone_0x10523f000  length: 1  "0"
Leak: 0x7fb6ab75bb20  size=16  zone: DefaultMallocZone_0x10523f000  length: 2  "25"
Leak: 0x7fb6ab75bb30  size=16  zone: DefaultMallocZone_0x10523f000  length: 1  "0"
Leak: 0x7fb6ab75bb60  size=16  zone: DefaultMallocZone_0x10523f000  length: 2  "32"
Leak: 0x7fb6ab75bb70  size=16  zone: DefaultMallocZone_0x10523f000  length: 1  "1"
Leak: 0x7fb6ab75be00  size=16  zone: DefaultMallocZone_0x10523f000  length: 2  "32"
Leak: 0x7fb6ab75d230  size=16  zone: DefaultMallocZone_0x10523f000  length: 1  "0"
Leak: 0x7fb6ab75d660  size=16  zone: DefaultMallocZone_0x10523f000  length: 1  "1"
Leak: 0x7fb6ab75d670  size=16  zone: DefaultMallocZone_0x10523f000  length: 2  "10"
Leak: 0x7fb6ab75d680  size=16  zone: DefaultMallocZone_0x10523f000  length: 2  "-1"
Leak: 0x7fb6ab75d690  size=16  zone: DefaultMallocZone_0x10523f000  length: 1  "0"
Leak: 0x7fb6ab75d8a0  size=16  zone: DefaultMallocZone_0x10523f000  length: 1  "0"
Leak: 0x7fb6ab75d9f0  size=16  zone: DefaultMallocZone_0x10523f000  length: 1  "0"
Leak: 0x7fb6ab75eb10  size=16  zone: DefaultMallocZone_0x10523f000  length: 1  "1"
Leak: 0x7fb6ab75eb20  size=16  zone: DefaultMallocZone_0x10523f000  length: 1  "1"
Leak: 0x7fb6ab75eb30  size=16  zone: DefaultMallocZone_0x10523f000  length: 1  "1"
Leak: 0x7fb6ab75eb40  size=16  zone: DefaultMallocZone_0x10523f000  length: 1  "1"
Leak: 0x7fb6ab75eb50  size=16  zone: DefaultMallocZone_0x10523f000  length: 3  "100"
Leak: 0x7fb6ab75eb60  size=16  zone: DefaultMallocZone_0x10523f000  length: 1  "7"
Leak: 0x7fb6ab75eb70  size=16  zone: DefaultMallocZone_0x10523f000  length: 1  "0"
Leak: 0x7fb6ab75eb80  size=16  zone: DefaultMallocZone_0x10523f000  length: 1  "1"
Leak: 0x7fb6ab75eb90  size=16  zone: DefaultMallocZone_0x10523f000  length: 1  "0"
Leak: 0x7fb6ab75eba0  size=16  zone: DefaultMallocZone_0x10523f000  length: 3  "340"
Leak: 0x7fb6ab75ebb0  size=16  zone: DefaultMallocZone_0x10523f000  length: 1  "0"
Leak: 0x7fb6ab75ebc0  size=16  zone: DefaultMallocZone_0x10523f000  length: 3  "600"
Leak: 0x7fb6ab75ebd0  size=16  zone: DefaultMallocZone_0x10523f000  length: 1  "1"
Leak: 0x7fb6ab75f420  size=16  zone: DefaultMallocZone_0x10523f000  length: 1  "0"
Leak: 0x7fb6ab75f540  size=16  zone: DefaultMallocZone_0x10523f000  length: 3  "100"
Leak: 0x7fb6ab760e80  size=16  zone: DefaultMallocZone_0x10523f000  length: 1  "0"
Leak: 0x7fb6ab760e90  size=16  zone: DefaultMallocZone_0x10523f000  length: 1  "0"
Leak: 0x7fb6ab761430  size=16  zone: DefaultMallocZone_0x10523f000  length: 1  "1"
Leak: 0x7fb6ab7615a0  size=16  zone: DefaultMallocZone_0x10523f000  length: 3  "600"
Leak: 0x7fb6ab761760  size=16  zone: DefaultMallocZone_0x10523f000  length: 1  "0"
Leak: 0x7fb6ab762540  size=16  zone: DefaultMallocZone_0x10523f000  length: 1  "0"
Leak: 0x7fb6ab765d00  size=16  zone: DefaultMallocZone_0x10523f000  length: 1  "0"
Leak: 0x7fb6ab765f40  size=16  zone: DefaultMallocZone_0x10523f000  length: 1  "0"
Leak: 0x7fb6ab766620  size=16  zone: DefaultMallocZone_0x10523f000  length: 2  "10"
Leak: 0x7fb6ab767000  size=16  zone: DefaultMallocZone_0x10523f000  length: 3  "600"
Leak: 0x7fb6ab767170  size=16  zone: DefaultMallocZone_0x10523f000  length: 1  "0"
Leak: 0x7fb6ab7683e0  size=16  zone: DefaultMallocZone_0x10523f000  length: 2  "32"
Leak: 0x7fb6ab769d50  size=16  zone: DefaultMallocZone_0x10523f000  length: 1  "1"
Leak: 0x7fb6ab76b380  size=16  zone: DefaultMallocZone_0x10523f000  length: 1  "0"
Leak: 0x7fb6ab76b390  size=16  zone: DefaultMallocZone_0x10523f000  length: 2  "-1"
Leak: 0x7fb6ab76c5a0  size=16  zone: DefaultMallocZone_0x10523f000  length: 1  "0"
Leak: 0x7fb6ab76cd30  size=16  zone: DefaultMallocZone_0x10523f000  length: 1  "0"
Leak: 0x7fb6ab76da70  size=16  zone: DefaultMallocZone_0x10523f000  length: 1  "7"
Leak: 0x7fb6ab76e750  size=16  zone: DefaultMallocZone_0x10523f000  length: 1  "0"
Leak: 0x7fb6ab76edf0  size=16  zone: DefaultMallocZone_0x10523f000  length: 1  "0"
Leak: 0x7fb6ab76ee00  size=16  zone: DefaultMallocZone_0x10523f000  length: 3  "335"
Leak: 0x7fb6ab76ee10  size=16  zone: DefaultMallocZone_0x10523f000  length: 2  "-1"
Leak: 0x7fb6ab76f770  size=16  zone: DefaultMallocZone_0x10523f000  length: 1  "1"
Leak: 0x7fb6ab76fc90  size=16  zone: DefaultMallocZone_0x10523f000  length: 1  "1"
Leak: 0x7fb6ab7702a0  size=16  zone: DefaultMallocZone_0x10523f000  length: 1  "1"
Leak: 0x7fb6ab771c70  size=16  zone: DefaultMallocZone_0x10523f000  length: 1  "1"
Leak: 0x7fb6ab771e30  size=16  zone: DefaultMallocZone_0x10523f000  length: 1  "1"
Leak: 0x7fb6ab772920  size=16  zone: DefaultMallocZone_0x10523f000  length: 1  "1"
Leak: 0x7fb6ab772930  size=16  zone: DefaultMallocZone_0x10523f000  length: 1  "0"
Leak: 0x7fb6ab772ed0  size=16  zone: DefaultMallocZone_0x10523f000  length: 3  "100"
Leak: 0x7fb6ab773b10  size=16  zone: DefaultMallocZone_0x10523f000  length: 2  "10"
Leak: 0x7fb6ab773f00  size=16  zone: DefaultMallocZone_0x10523f000  length: 1  "0"
Leak: 0x7fb6ab773f30  size=16  zone: DefaultMallocZone_0x10523f000  length: 1  "1"
Leak: 0x7fb6ab774fc0  size=16  zone: DefaultMallocZone_0x10523f000  length: 1  "1"
Leak: 0x7fb6ab775220  size=16  zone: DefaultMallocZone_0x10523f000  length: 1  "7"
